Сборка начата 08.12.2023 15:29:07.
Уровень детализации журнала: Normal.     1>Проект "C:\Users\bartyy\Desktop\ЛАБЫ\ОПИ НАРКЕВИЧ\8 laba opi\lab_8\lab_8\lab_8.vcxproj" в узле 2 (целевые объекты Build).
     1>InitializeBuildStatus:
         Создание "Debug\lab_8.tlog\unsuccessfulbuild", так как было задано "AlwaysCreate".
         Обращение к "Debug\lab_8.tlog\unsuccessfulbuild".
       ClCompile:
         C:\Program Files\Microsoft Visual Studio\2022\Enterprise\VC\Tools\MSVC\14.37.32822\bin\HostX86\x86\CL.exe /c /ZI /JMC /nologo /W3 /WX- /diagnostics:column /sdl /Od /Oy- /D WIN32 /D _DEBUG /D _CONSOLE /D _UNICODE /D UNICODE /Gm- /EHsc /RTC1 /MDd /GS /fp:precise /Zc:wchar_t /Zc:forScope /Zc:inline /permissive- /Fo"Debug\\" /Fd"Debug\vc143.pdb" /external:W3 /Gd /TP /analyze- /FC /errorReport:prompt main.cpp
         main.cpp
       Link:
         C:\Program Files\Microsoft Visual Studio\2022\Enterprise\VC\Tools\MSVC\14.37.32822\bin\HostX86\x86\link.exe /ERRORREPORT:PROMPT /OUT:"C:\Users\bartyy\Desktop\ЛАБЫ\ОПИ НАРКЕВИЧ\8 laba opi\lab_8\Debug\lab_8.exe" /INCREMENTAL /ILK:"Debug\lab_8.ilk" /NOLOGO kernel32.lib user32.lib gdi32.lib winspool.lib comdlg32.lib advapi32.lib shell32.lib ole32.lib oleaut32.lib uuid.lib odbc32.lib odbccp32.lib /MANIFEST /MANIFESTUAC:"level='asInvoker' uiAccess='false'" /manifest:embed /DEBUG /PDB:"C:\Users\bartyy\Desktop\ЛАБЫ\ОПИ НАРКЕВИЧ\8 laba opi\lab_8\Debug\lab_8.pdb" /SUBSYSTEM:CONSOLE /TLBID:1 /DYNAMICBASE /NXCOMPAT /IMPLIB:"C:\Users\bartyy\Desktop\ЛАБЫ\ОПИ НАРКЕВИЧ\8 laba opi\lab_8\Debug\lab_8.lib" /MACHINE:X86 Debug\main.obj
         lab_8.vcxproj -> C:\Users\bartyy\Desktop\ЛАБЫ\ОПИ НАРКЕВИЧ\8 laba opi\lab_8\Debug\lab_8.exe
       TlogCleanup:
         Следующие элементы будут удалены из tlogs, так как они были удалены из проекта или сборки: D:\лабы\опи\лабораторная 8\lab_8\lab_8\file_mul.cpp.
       FinalizeBuildStatus:
         Файл "Debug\lab_8.tlog\unsuccessfulbuild" удаляется.
         Обращение к "Debug\lab_8.tlog\lab_8.lastbuildstate".
     1>Сборка проекта "C:\Users\bartyy\Desktop\ЛАБЫ\ОПИ НАРКЕВИЧ\8 laba opi\lab_8\lab_8\lab_8.vcxproj" завершена (целевые объекты Build).

Сборка успешно завершена.
    Предупреждений: 0
    Ошибок: 0

Прошло времени 00:00:01.60
