Сборка начата 22.09.2023 15:53:17.
Уровень детализации журнала: Normal.     1>Проект "C:\Users\bartyy\Desktop\ЛАБЫ\ОПИ НАРКЕВИЧ\3 laba OPI\lab03\Lab_03\Lab_03.vcxproj" в узле 2 (целевые объекты Rebuild).
     1>_PrepareForClean:
         Файл "x64\Debug\Lab_03.tlog\Lab_03.lastbuildstate" удаляется.
       InitializeBuildStatus:
         Создание "x64\Debug\Lab_03.tlog\unsuccessfulbuild", так как было задано "AlwaysCreate".
         Обращение к "x64\Debug\Lab_03.tlog\unsuccessfulbuild".
       ClCompile:
         C:\Program Files\Microsoft Visual Studio\2022\Enterprise\VC\Tools\MSVC\14.37.32822\bin\HostX64\x64\CL.exe /c /ZI /JMC /nologo /W3 /WX- /diagnostics:column /sdl /Od /D _DEBUG /D _CONSOLE /D _UNICODE /D UNICODE /Gm- /EHsc /RTC1 /MDd /GS /fp:precise /Zc:wchar_t /Zc:forScope /Zc:inline /permissive- /Fo"x64\Debug\\" /Fd"x64\Debug\vc143.pdb" /external:W3 /Gd /TP /FC /errorReport:prompt lab03.cpp
         lab03.cpp
     1>C:\Users\bartyy\Desktop\ЛАБЫ\ОПИ НАРКЕВИЧ\3 laba OPI\lab03\Lab_03\lab03.cpp(23,16): warning C4566: символ, представленный универсальным именем символа "\u0413", невозможно представить в текущей кодовой странице (1252)
     1>C:\Users\bartyy\Desktop\ЛАБЫ\ОПИ НАРКЕВИЧ\3 laba OPI\lab03\Lab_03\lab03.cpp(23,16): warning C4566: символ, представленный универсальным именем символа "\u0443", невозможно представить в текущей кодовой странице (1252)
     1>C:\Users\bartyy\Desktop\ЛАБЫ\ОПИ НАРКЕВИЧ\3 laba OPI\lab03\Lab_03\lab03.cpp(23,16): warning C4566: символ, представленный универсальным именем символа "\u0440", невозможно представить в текущей кодовой странице (1252)
     1>C:\Users\bartyy\Desktop\ЛАБЫ\ОПИ НАРКЕВИЧ\3 laba OPI\lab03\Lab_03\lab03.cpp(23,16): warning C4566: символ, представленный универсальным именем символа "\u043A", невозможно представить в текущей кодовой странице (1252)
     1>C:\Users\bartyy\Desktop\ЛАБЫ\ОПИ НАРКЕВИЧ\3 laba OPI\lab03\Lab_03\lab03.cpp(23,16): warning C4566: символ, представленный универсальным именем символа "\u0438", невозможно представить в текущей кодовой странице (1252)
     1>C:\Users\bartyy\Desktop\ЛАБЫ\ОПИ НАРКЕВИЧ\3 laba OPI\lab03\Lab_03\lab03.cpp(23,16): warning C4566: символ, представленный универсальным именем символа "\u043D", невозможно представить в текущей кодовой странице (1252)
     1>C:\Users\bartyy\Desktop\ЛАБЫ\ОПИ НАРКЕВИЧ\3 laba OPI\lab03\Lab_03\lab03.cpp(23,16): warning C4566: символ, представленный универсальным именем символа "\u0422", невозможно представить в текущей кодовой странице (1252)
     1>C:\Users\bartyy\Desktop\ЛАБЫ\ОПИ НАРКЕВИЧ\3 laba OPI\lab03\Lab_03\lab03.cpp(23,16): warning C4566: символ, представленный универсальным именем символа "\u043C", невозможно представить в текущей кодовой странице (1252)
     1>C:\Users\bartyy\Desktop\ЛАБЫ\ОПИ НАРКЕВИЧ\3 laba OPI\lab03\Lab_03\lab03.cpp(23,16): warning C4566: символ, представленный универсальным именем символа "\u043E", невозможно представить в текущей кодовой странице (1252)
     1>C:\Users\bartyy\Desktop\ЛАБЫ\ОПИ НАРКЕВИЧ\3 laba OPI\lab03\Lab_03\lab03.cpp(23,16): warning C4566: символ, представленный универсальным именем символа "\u0444", невозможно представить в текущей кодовой странице (1252)
     1>C:\Users\bartyy\Desktop\ЛАБЫ\ОПИ НАРКЕВИЧ\3 laba OPI\lab03\Lab_03\lab03.cpp(23,16): warning C4566: символ, представленный универсальным именем символа "\u0435", невозможно представить в текущей кодовой странице (1252)
     1>C:\Users\bartyy\Desktop\ЛАБЫ\ОПИ НАРКЕВИЧ\3 laba OPI\lab03\Lab_03\lab03.cpp(23,16): warning C4566: символ, представленный универсальным именем символа "\u0439", невозможно представить в текущей кодовой странице (1252)
     1>C:\Users\bartyy\Desktop\ЛАБЫ\ОПИ НАРКЕВИЧ\3 laba OPI\lab03\Lab_03\lab03.cpp(23,16): warning C4566: символ, представленный универсальным именем символа "\u0410", невозможно представить в текущей кодовой странице (1252)
     1>C:\Users\bartyy\Desktop\ЛАБЫ\ОПИ НАРКЕВИЧ\3 laba OPI\lab03\Lab_03\lab03.cpp(23,16): warning C4566: символ, представленный универсальным именем символа "\u043B", невозможно представить в текущей кодовой странице (1252)
     1>C:\Users\bartyy\Desktop\ЛАБЫ\ОПИ НАРКЕВИЧ\3 laba OPI\lab03\Lab_03\lab03.cpp(23,16): warning C4566: символ, представленный универсальным именем символа "\u0441", невозможно представить в текущей кодовой странице (1252)
     1>C:\Users\bartyy\Desktop\ЛАБЫ\ОПИ НАРКЕВИЧ\3 laba OPI\lab03\Lab_03\lab03.cpp(23,16): warning C4566: символ, представленный универсальным именем символа "\u0430", невозможно представить в текущей кодовой странице (1252)
     1>C:\Users\bartyy\Desktop\ЛАБЫ\ОПИ НАРКЕВИЧ\3 laba OPI\lab03\Lab_03\lab03.cpp(23,16): warning C4566: символ, представленный универсальным именем символа "\u0434", невозможно представить в текущей кодовой странице (1252)
     1>C:\Users\bartyy\Desktop\ЛАБЫ\ОПИ НАРКЕВИЧ\3 laba OPI\lab03\Lab_03\lab03.cpp(23,16): warning C4566: символ, представленный универсальным именем символа "\u0432", невозможно представить в текущей кодовой странице (1252)
     1>C:\Users\bartyy\Desktop\ЛАБЫ\ОПИ НАРКЕВИЧ\3 laba OPI\lab03\Lab_03\lab03.cpp(23,16): warning C4566: символ, представленный универсальным именем символа "\u0447", невозможно представить в текущей кодовой странице (1252)
     1>C:\Users\bartyy\Desktop\ЛАБЫ\ОПИ НАРКЕВИЧ\3 laba OPI\lab03\Lab_03\lab03.cpp(24,14): warning C4566: символ, представленный универсальным именем символа "\u0413", невозможно представить в текущей кодовой странице (1252)
     1>C:\Users\bartyy\Desktop\ЛАБЫ\ОПИ НАРКЕВИЧ\3 laba OPI\lab03\Lab_03\lab03.cpp(24,14): warning C4566: символ, представленный универсальным именем символа "\u0443", невозможно представить в текущей кодовой странице (1252)
     1>C:\Users\bartyy\Desktop\ЛАБЫ\ОПИ НАРКЕВИЧ\3 laba OPI\lab03\Lab_03\lab03.cpp(24,14): warning C4566: символ, представленный универсальным именем символа "\u0440", невозможно представить в текущей кодовой странице (1252)
     1>C:\Users\bartyy\Desktop\ЛАБЫ\ОПИ НАРКЕВИЧ\3 laba OPI\lab03\Lab_03\lab03.cpp(24,14): warning C4566: символ, представленный универсальным именем символа "\u043A", невозможно представить в текущей кодовой странице (1252)
     1>C:\Users\bartyy\Desktop\ЛАБЫ\ОПИ НАРКЕВИЧ\3 laba OPI\lab03\Lab_03\lab03.cpp(24,14): warning C4566: символ, представленный универсальным именем символа "\u0438", невозможно представить в текущей кодовой странице (1252)
     1>C:\Users\bartyy\Desktop\ЛАБЫ\ОПИ НАРКЕВИЧ\3 laba OPI\lab03\Lab_03\lab03.cpp(24,14): warning C4566: символ, представленный универсальным именем символа "\u043D", невозможно представить в текущей кодовой странице (1252)
       Link:
         C:\Program Files\Microsoft Visual Studio\2022\Enterprise\VC\Tools\MSVC\14.37.32822\bin\HostX64\x64\link.exe /ERRORREPORT:PROMPT /OUT:"C:\Users\bartyy\Desktop\ЛАБЫ\ОПИ НАРКЕВИЧ\3 laba OPI\lab03\x64\Debug\Lab_03.exe" /INCREMENTAL /ILK:"x64\Debug\Lab_03.ilk" /NOLOGO kernel32.lib user32.lib gdi32.lib winspool.lib comdlg32.lib advapi32.lib shell32.lib ole32.lib oleaut32.lib uuid.lib odbc32.lib odbccp32.lib /MANIFEST /MANIFESTUAC:"level='asInvoker' uiAccess='false'" /manifest:embed /DEBUG /PDB:"C:\Users\bartyy\Desktop\ЛАБЫ\ОПИ НАРКЕВИЧ\3 laba OPI\lab03\x64\Debug\Lab_03.pdb" /SUBSYSTEM:CONSOLE /TLBID:1 /DYNAMICBASE /NXCOMPAT /IMPLIB:"C:\Users\bartyy\Desktop\ЛАБЫ\ОПИ НАРКЕВИЧ\3 laba OPI\lab03\x64\Debug\Lab_03.lib" /MACHINE:X64 x64\Debug\lab03.obj
         Lab_03.vcxproj -> C:\Users\bartyy\Desktop\ЛАБЫ\ОПИ НАРКЕВИЧ\3 laba OPI\lab03\x64\Debug\Lab_03.exe
       FinalizeBuildStatus:
         Файл "x64\Debug\Lab_03.tlog\unsuccessfulbuild" удаляется.
         Обращение к "x64\Debug\Lab_03.tlog\Lab_03.lastbuildstate".
     1>Сборка проекта "C:\Users\bartyy\Desktop\ЛАБЫ\ОПИ НАРКЕВИЧ\3 laba OPI\lab03\Lab_03\Lab_03.vcxproj" завершена (целевые объекты Rebuild).

Сборка успешно завершена.

       "C:\Users\bartyy\Desktop\ЛАБЫ\ОПИ НАРКЕВИЧ\3 laba OPI\lab03\Lab_03\Lab_03.vcxproj" (целевой объект Rebuild ) (1) ->
       (Целевой объект ClCompile) -> 
         C:\Users\bartyy\Desktop\ЛАБЫ\ОПИ НАРКЕВИЧ\3 laba OPI\lab03\Lab_03\lab03.cpp(23,16): warning C4566: символ, представленный универсальным именем символа "\u0413", невозможно представить в текущей кодовой странице (1252)
         C:\Users\bartyy\Desktop\ЛАБЫ\ОПИ НАРКЕВИЧ\3 laba OPI\lab03\Lab_03\lab03.cpp(23,16): warning C4566: символ, представленный универсальным именем символа "\u0443", невозможно представить в текущей кодовой странице (1252)
         C:\Users\bartyy\Desktop\ЛАБЫ\ОПИ НАРКЕВИЧ\3 laba OPI\lab03\Lab_03\lab03.cpp(23,16): warning C4566: символ, представленный универсальным именем символа "\u0440", невозможно представить в текущей кодовой странице (1252)
         C:\Users\bartyy\Desktop\ЛАБЫ\ОПИ НАРКЕВИЧ\3 laba OPI\lab03\Lab_03\lab03.cpp(23,16): warning C4566: символ, представленный универсальным именем символа "\u043A", невозможно представить в текущей кодовой странице (1252)
         C:\Users\bartyy\Desktop\ЛАБЫ\ОПИ НАРКЕВИЧ\3 laba OPI\lab03\Lab_03\lab03.cpp(23,16): warning C4566: символ, представленный универсальным именем символа "\u0438", невозможно представить в текущей кодовой странице (1252)
         C:\Users\bartyy\Desktop\ЛАБЫ\ОПИ НАРКЕВИЧ\3 laba OPI\lab03\Lab_03\lab03.cpp(23,16): warning C4566: символ, представленный универсальным именем символа "\u043D", невозможно представить в текущей кодовой странице (1252)
         C:\Users\bartyy\Desktop\ЛАБЫ\ОПИ НАРКЕВИЧ\3 laba OPI\lab03\Lab_03\lab03.cpp(23,16): warning C4566: символ, представленный универсальным именем символа "\u0422", невозможно представить в текущей кодовой странице (1252)
         C:\Users\bartyy\Desktop\ЛАБЫ\ОПИ НАРКЕВИЧ\3 laba OPI\lab03\Lab_03\lab03.cpp(23,16): warning C4566: символ, представленный универсальным именем символа "\u043C", невозможно представить в текущей кодовой странице (1252)
         C:\Users\bartyy\Desktop\ЛАБЫ\ОПИ НАРКЕВИЧ\3 laba OPI\lab03\Lab_03\lab03.cpp(23,16): warning C4566: символ, представленный универсальным именем символа "\u043E", невозможно представить в текущей кодовой странице (1252)
         C:\Users\bartyy\Desktop\ЛАБЫ\ОПИ НАРКЕВИЧ\3 laba OPI\lab03\Lab_03\lab03.cpp(23,16): warning C4566: символ, представленный универсальным именем символа "\u0444", невозможно представить в текущей кодовой странице (1252)
         C:\Users\bartyy\Desktop\ЛАБЫ\ОПИ НАРКЕВИЧ\3 laba OPI\lab03\Lab_03\lab03.cpp(23,16): warning C4566: символ, представленный универсальным именем символа "\u0435", невозможно представить в текущей кодовой странице (1252)
         C:\Users\bartyy\Desktop\ЛАБЫ\ОПИ НАРКЕВИЧ\3 laba OPI\lab03\Lab_03\lab03.cpp(23,16): warning C4566: символ, представленный универсальным именем символа "\u0439", невозможно представить в текущей кодовой странице (1252)
         C:\Users\bartyy\Desktop\ЛАБЫ\ОПИ НАРКЕВИЧ\3 laba OPI\lab03\Lab_03\lab03.cpp(23,16): warning C4566: символ, представленный универсальным именем символа "\u0410", невозможно представить в текущей кодовой странице (1252)
         C:\Users\bartyy\Desktop\ЛАБЫ\ОПИ НАРКЕВИЧ\3 laba OPI\lab03\Lab_03\lab03.cpp(23,16): warning C4566: символ, представленный универсальным именем символа "\u043B", невозможно представить в текущей кодовой странице (1252)
         C:\Users\bartyy\Desktop\ЛАБЫ\ОПИ НАРКЕВИЧ\3 laba OPI\lab03\Lab_03\lab03.cpp(23,16): warning C4566: символ, представленный универсальным именем символа "\u0441", невозможно представить в текущей кодовой странице (1252)
         C:\Users\bartyy\Desktop\ЛАБЫ\ОПИ НАРКЕВИЧ\3 laba OPI\lab03\Lab_03\lab03.cpp(23,16): warning C4566: символ, представленный универсальным именем символа "\u0430", невозможно представить в текущей кодовой странице (1252)
         C:\Users\bartyy\Desktop\ЛАБЫ\ОПИ НАРКЕВИЧ\3 laba OPI\lab03\Lab_03\lab03.cpp(23,16): warning C4566: символ, представленный универсальным именем символа "\u0434", невозможно представить в текущей кодовой странице (1252)
         C:\Users\bartyy\Desktop\ЛАБЫ\ОПИ НАРКЕВИЧ\3 laba OPI\lab03\Lab_03\lab03.cpp(23,16): warning C4566: символ, представленный универсальным именем символа "\u0432", невозможно представить в текущей кодовой странице (1252)
         C:\Users\bartyy\Desktop\ЛАБЫ\ОПИ НАРКЕВИЧ\3 laba OPI\lab03\Lab_03\lab03.cpp(23,16): warning C4566: символ, представленный универсальным именем символа "\u0447", невозможно представить в текущей кодовой странице (1252)
         C:\Users\bartyy\Desktop\ЛАБЫ\ОПИ НАРКЕВИЧ\3 laba OPI\lab03\Lab_03\lab03.cpp(24,14): warning C4566: символ, представленный универсальным именем символа "\u0413", невозможно представить в текущей кодовой странице (1252)
         C:\Users\bartyy\Desktop\ЛАБЫ\ОПИ НАРКЕВИЧ\3 laba OPI\lab03\Lab_03\lab03.cpp(24,14): warning C4566: символ, представленный универсальным именем символа "\u0443", невозможно представить в текущей кодовой странице (1252)
         C:\Users\bartyy\Desktop\ЛАБЫ\ОПИ НАРКЕВИЧ\3 laba OPI\lab03\Lab_03\lab03.cpp(24,14): warning C4566: символ, представленный универсальным именем символа "\u0440", невозможно представить в текущей кодовой странице (1252)
         C:\Users\bartyy\Desktop\ЛАБЫ\ОПИ НАРКЕВИЧ\3 laba OPI\lab03\Lab_03\lab03.cpp(24,14): warning C4566: символ, представленный универсальным именем символа "\u043A", невозможно представить в текущей кодовой странице (1252)
         C:\Users\bartyy\Desktop\ЛАБЫ\ОПИ НАРКЕВИЧ\3 laba OPI\lab03\Lab_03\lab03.cpp(24,14): warning C4566: символ, представленный универсальным именем символа "\u0438", невозможно представить в текущей кодовой странице (1252)
         C:\Users\bartyy\Desktop\ЛАБЫ\ОПИ НАРКЕВИЧ\3 laba OPI\lab03\Lab_03\lab03.cpp(24,14): warning C4566: символ, представленный универсальным именем символа "\u043D", невозможно представить в текущей кодовой странице (1252)

    Предупреждений: 25
    Ошибок: 0

Прошло времени 00:00:00.46
