Сборка начата 06.10.2023 18:19:02.
Уровень детализации журнала: Normal.     1>Проект "C:\Users\bartyy\Desktop\ЛАБЫ\ОА БЕЛОДЕД\laba6\Laba6\primeri\primeri.vcxproj" в узле 2 (целевые объекты Rebuild).
     1>PrepareForBuild:
         Создание каталога "C:\Users\bartyy\Desktop\ЛАБЫ\ОА БЕЛОДЕД\laba6\Laba6\x64\Release\".
         Создание каталога "x64\Release\primeri.tlog\".
       InitializeBuildStatus:
         Создание "x64\Release\primeri.tlog\unsuccessfulbuild", так как было задано "AlwaysCreate".
         Обращение к "x64\Release\primeri.tlog\unsuccessfulbuild".
       ClCompile:
         C:\Program Files\Microsoft Visual Studio\2022\Enterprise\VC\Tools\MSVC\14.37.32822\bin\HostX64\x64\CL.exe /c /Zi /nologo /W3 /WX- /diagnostics:column /sdl /O2 /Oi /GL /D NDEBUG /D _CONSOLE /D _UNICODE /D UNICODE /Gm- /EHsc /MD /GS /Gy /fp:precise /Zc:wchar_t /Zc:forScope /Zc:inline /permissive- /Fo"x64\Release\\" /Fd"x64\Release\vc143.pdb" /external:W3 /Gd /TP /FC /errorReport:prompt primeri.cpp
         primeri.cpp
       Link:
         C:\Program Files\Microsoft Visual Studio\2022\Enterprise\VC\Tools\MSVC\14.37.32822\bin\HostX64\x64\link.exe /ERRORREPORT:PROMPT /OUT:"C:\Users\bartyy\Desktop\ЛАБЫ\ОА БЕЛОДЕД\laba6\Laba6\x64\Release\primeri.exe" /NOLOGO kernel32.lib user32.lib gdi32.lib winspool.lib comdlg32.lib advapi32.lib shell32.lib ole32.lib oleaut32.lib uuid.lib odbc32.lib odbccp32.lib /MANIFEST /MANIFESTUAC:"level='asInvoker' uiAccess='false'" /manifest:embed /DEBUG /PDB:"C:\Users\bartyy\Desktop\ЛАБЫ\ОА БЕЛОДЕД\laba6\Laba6\x64\Release\primeri.pdb" /SUBSYSTEM:CONSOLE /OPT:REF /OPT:ICF /LTCG:incremental /LTCGOUT:"x64\Release\primeri.iobj" /TLBID:1 /DYNAMICBASE /NXCOMPAT /IMPLIB:"C:\Users\bartyy\Desktop\ЛАБЫ\ОА БЕЛОДЕД\laba6\Laba6\x64\Release\primeri.lib" /MACHINE:X64 x64\Release\primeri.obj
         Создание кода
         Previous IPDB not found, fall back to full compilation.
         All 4 functions were compiled because no usable IPDB/IOBJ from previous compilation was found.
         Создание кода завершено
         primeri.vcxproj -> C:\Users\bartyy\Desktop\ЛАБЫ\ОА БЕЛОДЕД\laba6\Laba6\x64\Release\primeri.exe
       FinalizeBuildStatus:
         Файл "x64\Release\primeri.tlog\unsuccessfulbuild" удаляется.
         Обращение к "x64\Release\primeri.tlog\primeri.lastbuildstate".
     1>Сборка проекта "C:\Users\bartyy\Desktop\ЛАБЫ\ОА БЕЛОДЕД\laba6\Laba6\primeri\primeri.vcxproj" завершена (целевые объекты Rebuild).

Сборка успешно завершена.
    Предупреждений: 0
    Ошибок: 0

Прошло времени 00:00:00.36
