Сборка начата 20.09.2023 12:37:37.
Уровень детализации журнала: Normal.     1>Проект "C:\Users\bartyy\Desktop\ЛАБЫ\ОА БЕЛОДЕД\laba 3\var4\Lab3\Lab3.vcxproj" в узле 2 (целевые объекты Build).
     1>InitializeBuildStatus:
         Обращение к "x64\Debug\Lab3.tlog\unsuccessfulbuild".
       ClCompile:
         C:\Program Files\Microsoft Visual Studio\2022\Enterprise\VC\Tools\MSVC\14.37.32822\bin\HostX64\x64\CL.exe /c /ZI /JMC /nologo /W3 /WX- /diagnostics:column /sdl /Od /D _DEBUG /D _CONSOLE /D _UNICODE /D UNICODE /Gm- /EHsc /RTC1 /MDd /GS /fp:precise /Zc:wchar_t /Zc:forScope /Zc:inline /permissive- /Fo"x64\Debug\\" /Fd"x64\Debug\vc143.pdb" /external:W3 /Gd /TP /FC /errorReport:prompt Prime1.cpp
         Prime1.cpp
     1>C:\Users\bartyy\Desktop\ЛАБЫ\ОА БЕЛОДЕД\laba 3\var4\Lab3\Prime1.cpp(17,10): warning C4566: символ, представленный универсальным именем символа "\u0412", невозможно представить в текущей кодовой странице (1252)
     1>C:\Users\bartyy\Desktop\ЛАБЫ\ОА БЕЛОДЕД\laba 3\var4\Lab3\Prime1.cpp(17,10): warning C4566: символ, представленный универсальным именем символа "\u0432", невозможно представить в текущей кодовой странице (1252)
     1>C:\Users\bartyy\Desktop\ЛАБЫ\ОА БЕЛОДЕД\laba 3\var4\Lab3\Prime1.cpp(17,10): warning C4566: символ, представленный универсальным именем символа "\u0435", невозможно представить в текущей кодовой странице (1252)
     1>C:\Users\bartyy\Desktop\ЛАБЫ\ОА БЕЛОДЕД\laba 3\var4\Lab3\Prime1.cpp(17,10): warning C4566: символ, представленный универсальным именем символа "\u0434", невозможно представить в текущей кодовой странице (1252)
     1>C:\Users\bartyy\Desktop\ЛАБЫ\ОА БЕЛОДЕД\laba 3\var4\Lab3\Prime1.cpp(17,10): warning C4566: символ, представленный универсальным именем символа "\u0438", невозможно представить в текущей кодовой странице (1252)
     1>C:\Users\bartyy\Desktop\ЛАБЫ\ОА БЕЛОДЕД\laba 3\var4\Lab3\Prime1.cpp(17,10): warning C4566: символ, представленный универсальным именем символа "\u0442", невозможно представить в текущей кодовой странице (1252)
     1>C:\Users\bartyy\Desktop\ЛАБЫ\ОА БЕЛОДЕД\laba 3\var4\Lab3\Prime1.cpp(20,10): warning C4566: символ, представленный универсальным именем символа "\u0422", невозможно представить в текущей кодовой странице (1252)
     1>C:\Users\bartyy\Desktop\ЛАБЫ\ОА БЕЛОДЕД\laba 3\var4\Lab3\Prime1.cpp(20,10): warning C4566: символ, представленный универсальным именем символа "\u0438", невозможно представить в текущей кодовой странице (1252)
     1>C:\Users\bartyy\Desktop\ЛАБЫ\ОА БЕЛОДЕД\laba 3\var4\Lab3\Prime1.cpp(20,10): warning C4566: символ, представленный универсальным именем символа "\u043F", невозможно представить в текущей кодовой странице (1252)
     1>C:\Users\bartyy\Desktop\ЛАБЫ\ОА БЕЛОДЕД\laba 3\var4\Lab3\Prime1.cpp(20,10): warning C4566: символ, представленный универсальным именем символа "\u0440", невозможно представить в текущей кодовой странице (1252)
     1>C:\Users\bartyy\Desktop\ЛАБЫ\ОА БЕЛОДЕД\laba 3\var4\Lab3\Prime1.cpp(20,10): warning C4566: символ, представленный универсальным именем символа "\u0430", невозможно представить в текущей кодовой странице (1252)
     1>C:\Users\bartyy\Desktop\ЛАБЫ\ОА БЕЛОДЕД\laba 3\var4\Lab3\Prime1.cpp(20,10): warning C4566: символ, представленный универсальным именем символа "\u0437", невозможно представить в текущей кодовой странице (1252)
     1>C:\Users\bartyy\Desktop\ЛАБЫ\ОА БЕЛОДЕД\laba 3\var4\Lab3\Prime1.cpp(20,10): warning C4566: символ, представленный универсальным именем символа "\u043C", невозможно представить в текущей кодовой странице (1252)
     1>C:\Users\bartyy\Desktop\ЛАБЫ\ОА БЕЛОДЕД\laba 3\var4\Lab3\Prime1.cpp(20,10): warning C4566: символ, представленный универсальным именем символа "\u0435", невозможно представить в текущей кодовой странице (1252)
     1>C:\Users\bartyy\Desktop\ЛАБЫ\ОА БЕЛОДЕД\laba 3\var4\Lab3\Prime1.cpp(20,10): warning C4566: символ, представленный универсальным именем символа "\u0432", невозможно представить в текущей кодовой странице (1252)
     1>C:\Users\bartyy\Desktop\ЛАБЫ\ОА БЕЛОДЕД\laba 3\var4\Lab3\Prime1.cpp(20,10): warning C4566: символ, представленный универсальным именем символа "\u0431", невозможно представить в текущей кодовой странице (1252)
     1>C:\Users\bartyy\Desktop\ЛАБЫ\ОА БЕЛОДЕД\laba 3\var4\Lab3\Prime1.cpp(20,10): warning C4566: символ, представленный универсальным именем символа "\u0439", невозможно представить в текущей кодовой странице (1252)
     1>C:\Users\bartyy\Desktop\ЛАБЫ\ОА БЕЛОДЕД\laba 3\var4\Lab3\Prime1.cpp(20,10): warning C4566: символ, представленный универсальным именем символа "\u0442", невозможно представить в текущей кодовой странице (1252)
     1>C:\Users\bartyy\Desktop\ЛАБЫ\ОА БЕЛОДЕД\laba 3\var4\Lab3\Prime1.cpp(20,10): warning C4566: символ, представленный универсальным именем символа "\u0445", невозможно представить в текущей кодовой странице (1252)
       Link:
         C:\Program Files\Microsoft Visual Studio\2022\Enterprise\VC\Tools\MSVC\14.37.32822\bin\HostX64\x64\link.exe /ERRORREPORT:PROMPT /OUT:"C:\Users\bartyy\Desktop\ЛАБЫ\ОА БЕЛОДЕД\laba 3\var4\x64\Debug\Lab3.exe" /INCREMENTAL /ILK:"x64\Debug\Lab3.ilk" /NOLOGO kernel32.lib user32.lib gdi32.lib winspool.lib comdlg32.lib advapi32.lib shell32.lib ole32.lib oleaut32.lib uuid.lib odbc32.lib odbccp32.lib /MANIFEST /MANIFESTUAC:"level='asInvoker' uiAccess='false'" /manifest:embed /DEBUG /PDB:"C:\Users\bartyy\Desktop\ЛАБЫ\ОА БЕЛОДЕД\laba 3\var4\x64\Debug\Lab3.pdb" /SUBSYSTEM:CONSOLE /TLBID:1 /DYNAMICBASE /NXCOMPAT /IMPLIB:"C:\Users\bartyy\Desktop\ЛАБЫ\ОА БЕЛОДЕД\laba 3\var4\x64\Debug\Lab3.lib" /MACHINE:X64 x64\Debug\Prime1.obj
         Lab3.vcxproj -> C:\Users\bartyy\Desktop\ЛАБЫ\ОА БЕЛОДЕД\laba 3\var4\x64\Debug\Lab3.exe
       TlogCleanup:
         Следующие элементы будут удалены из tlogs, так как они были удалены из проекта или сборки: C:\Users\bartyy\Desktop\ЛАБЫ\ОА БЕЛОДЕД\laba 3\var4\Lab3\var4.cpp.
       FinalizeBuildStatus:
         Файл "x64\Debug\Lab3.tlog\unsuccessfulbuild" удаляется.
         Обращение к "x64\Debug\Lab3.tlog\Lab3.lastbuildstate".
     1>Сборка проекта "C:\Users\bartyy\Desktop\ЛАБЫ\ОА БЕЛОДЕД\laba 3\var4\Lab3\Lab3.vcxproj" завершена (целевые объекты Build).

Сборка успешно завершена.

       "C:\Users\bartyy\Desktop\ЛАБЫ\ОА БЕЛОДЕД\laba 3\var4\Lab3\Lab3.vcxproj" (целевой объект Build ) (1) ->
       (Целевой объект ClCompile) -> 
         C:\Users\bartyy\Desktop\ЛАБЫ\ОА БЕЛОДЕД\laba 3\var4\Lab3\Prime1.cpp(17,10): warning C4566: символ, представленный универсальным именем символа "\u0412", невозможно представить в текущей кодовой странице (1252)
         C:\Users\bartyy\Desktop\ЛАБЫ\ОА БЕЛОДЕД\laba 3\var4\Lab3\Prime1.cpp(17,10): warning C4566: символ, представленный универсальным именем символа "\u0432", невозможно представить в текущей кодовой странице (1252)
         C:\Users\bartyy\Desktop\ЛАБЫ\ОА БЕЛОДЕД\laba 3\var4\Lab3\Prime1.cpp(17,10): warning C4566: символ, представленный универсальным именем символа "\u0435", невозможно представить в текущей кодовой странице (1252)
         C:\Users\bartyy\Desktop\ЛАБЫ\ОА БЕЛОДЕД\laba 3\var4\Lab3\Prime1.cpp(17,10): warning C4566: символ, представленный универсальным именем символа "\u0434", невозможно представить в текущей кодовой странице (1252)
         C:\Users\bartyy\Desktop\ЛАБЫ\ОА БЕЛОДЕД\laba 3\var4\Lab3\Prime1.cpp(17,10): warning C4566: символ, представленный универсальным именем символа "\u0438", невозможно представить в текущей кодовой странице (1252)
         C:\Users\bartyy\Desktop\ЛАБЫ\ОА БЕЛОДЕД\laba 3\var4\Lab3\Prime1.cpp(17,10): warning C4566: символ, представленный универсальным именем символа "\u0442", невозможно представить в текущей кодовой странице (1252)
         C:\Users\bartyy\Desktop\ЛАБЫ\ОА БЕЛОДЕД\laba 3\var4\Lab3\Prime1.cpp(20,10): warning C4566: символ, представленный универсальным именем символа "\u0422", невозможно представить в текущей кодовой странице (1252)
         C:\Users\bartyy\Desktop\ЛАБЫ\ОА БЕЛОДЕД\laba 3\var4\Lab3\Prime1.cpp(20,10): warning C4566: символ, представленный универсальным именем символа "\u0438", невозможно представить в текущей кодовой странице (1252)
         C:\Users\bartyy\Desktop\ЛАБЫ\ОА БЕЛОДЕД\laba 3\var4\Lab3\Prime1.cpp(20,10): warning C4566: символ, представленный универсальным именем символа "\u043F", невозможно представить в текущей кодовой странице (1252)
         C:\Users\bartyy\Desktop\ЛАБЫ\ОА БЕЛОДЕД\laba 3\var4\Lab3\Prime1.cpp(20,10): warning C4566: символ, представленный универсальным именем символа "\u0440", невозможно представить в текущей кодовой странице (1252)
         C:\Users\bartyy\Desktop\ЛАБЫ\ОА БЕЛОДЕД\laba 3\var4\Lab3\Prime1.cpp(20,10): warning C4566: символ, представленный универсальным именем символа "\u0430", невозможно представить в текущей кодовой странице (1252)
         C:\Users\bartyy\Desktop\ЛАБЫ\ОА БЕЛОДЕД\laba 3\var4\Lab3\Prime1.cpp(20,10): warning C4566: символ, представленный универсальным именем символа "\u0437", невозможно представить в текущей кодовой странице (1252)
         C:\Users\bartyy\Desktop\ЛАБЫ\ОА БЕЛОДЕД\laba 3\var4\Lab3\Prime1.cpp(20,10): warning C4566: символ, представленный универсальным именем символа "\u043C", невозможно представить в текущей кодовой странице (1252)
         C:\Users\bartyy\Desktop\ЛАБЫ\ОА БЕЛОДЕД\laba 3\var4\Lab3\Prime1.cpp(20,10): warning C4566: символ, представленный универсальным именем символа "\u0435", невозможно представить в текущей кодовой странице (1252)
         C:\Users\bartyy\Desktop\ЛАБЫ\ОА БЕЛОДЕД\laba 3\var4\Lab3\Prime1.cpp(20,10): warning C4566: символ, представленный универсальным именем символа "\u0432", невозможно представить в текущей кодовой странице (1252)
         C:\Users\bartyy\Desktop\ЛАБЫ\ОА БЕЛОДЕД\laba 3\var4\Lab3\Prime1.cpp(20,10): warning C4566: символ, представленный универсальным именем символа "\u0431", невозможно представить в текущей кодовой странице (1252)
         C:\Users\bartyy\Desktop\ЛАБЫ\ОА БЕЛОДЕД\laba 3\var4\Lab3\Prime1.cpp(20,10): warning C4566: символ, представленный универсальным именем символа "\u0439", невозможно представить в текущей кодовой странице (1252)
         C:\Users\bartyy\Desktop\ЛАБЫ\ОА БЕЛОДЕД\laba 3\var4\Lab3\Prime1.cpp(20,10): warning C4566: символ, представленный универсальным именем символа "\u0442", невозможно представить в текущей кодовой странице (1252)
         C:\Users\bartyy\Desktop\ЛАБЫ\ОА БЕЛОДЕД\laba 3\var4\Lab3\Prime1.cpp(20,10): warning C4566: символ, представленный универсальным именем символа "\u0445", невозможно представить в текущей кодовой странице (1252)

    Предупреждений: 19
    Ошибок: 0

Прошло времени 00:00:00.50
