Сборка начата 27.10.2023 15:05:40.
Уровень детализации журнала: Normal.     1>Проект "C:\Users\bartyy\Desktop\ЛАБЫ\ОА БЕЛОДЕД\laba4\primer3\primer3.vcxproj" в узле 2 (целевые объекты Build).
     1>InitializeBuildStatus:
         Создание "x64\Debug\primer3.tlog\unsuccessfulbuild", так как было задано "AlwaysCreate".
         Обращение к "x64\Debug\primer3.tlog\unsuccessfulbuild".
       ClCompile:
         C:\Program Files\Microsoft Visual Studio\2022\Enterprise\VC\Tools\MSVC\14.37.32822\bin\HostX64\x64\CL.exe /c /ZI /JMC /nologo /W3 /WX- /diagnostics:column /sdl /Od /D _DEBUG /D _CONSOLE /D _UNICODE /D UNICODE /Gm- /EHsc /RTC1 /MDd /GS /fp:precise /Zc:wchar_t /Zc:forScope /Zc:inline /permissive- /Fo"x64\Debug\\" /Fd"x64\Debug\vc143.pdb" /external:W3 /Gd /TP /FC /errorReport:prompt primer3.cpp
         primer3.cpp
     1>C:\Users\bartyy\Desktop\ЛАБЫ\ОА БЕЛОДЕД\laba4\primer3\primer3.cpp(13,19): warning C4060: оператор switch не содержит метку "case" или "default"
       Link:
         C:\Program Files\Microsoft Visual Studio\2022\Enterprise\VC\Tools\MSVC\14.37.32822\bin\HostX64\x64\link.exe /ERRORREPORT:PROMPT /OUT:"C:\Users\bartyy\Desktop\ЛАБЫ\ОА БЕЛОДЕД\laba4\x64\Debug\primer3.exe" /INCREMENTAL /ILK:"x64\Debug\primer3.ilk" /NOLOGO kernel32.lib user32.lib gdi32.lib winspool.lib comdlg32.lib advapi32.lib shell32.lib ole32.lib oleaut32.lib uuid.lib odbc32.lib odbccp32.lib /MANIFEST /MANIFESTUAC:"level='asInvoker' uiAccess='false'" /manifest:embed /DEBUG /PDB:"C:\Users\bartyy\Desktop\ЛАБЫ\ОА БЕЛОДЕД\laba4\x64\Debug\primer3.pdb" /SUBSYSTEM:CONSOLE /TLBID:1 /DYNAMICBASE /NXCOMPAT /IMPLIB:"C:\Users\bartyy\Desktop\ЛАБЫ\ОА БЕЛОДЕД\laba4\x64\Debug\primer3.lib" /MACHINE:X64 x64\Debug\primer3.obj
         primer3.vcxproj -> C:\Users\bartyy\Desktop\ЛАБЫ\ОА БЕЛОДЕД\laba4\x64\Debug\primer3.exe
       TlogCleanup:
         Следующие элементы будут удалены из tlogs, так как они были удалены из проекта или сборки: C:\Users\bartyy\Desktop\ЛАБЫ\ОА БЕЛОДЕД\laba 4\primer3\primer3.cpp.
       FinalizeBuildStatus:
         Файл "x64\Debug\primer3.tlog\unsuccessfulbuild" удаляется.
         Обращение к "x64\Debug\primer3.tlog\primer3.lastbuildstate".
     1>Сборка проекта "C:\Users\bartyy\Desktop\ЛАБЫ\ОА БЕЛОДЕД\laba4\primer3\primer3.vcxproj" завершена (целевые объекты Build).

Сборка успешно завершена.

       "C:\Users\bartyy\Desktop\ЛАБЫ\ОА БЕЛОДЕД\laba4\primer3\primer3.vcxproj" (целевой объект Build ) (1) ->
       (Целевой объект ClCompile) -> 
         C:\Users\bartyy\Desktop\ЛАБЫ\ОА БЕЛОДЕД\laba4\primer3\primer3.cpp(13,19): warning C4060: оператор switch не содержит метку "case" или "default"

    Предупреждений: 1
    Ошибок: 0

Прошло времени 00:00:00.96
