Сборка начата 25.09.2023 13:28:18.
Уровень детализации журнала: Normal.     1>Проект "C:\Users\bartyy\Desktop\ЛАБЫ\ОА БЕЛОДЕД\laba 3\Laba 4\primer\primer.vcxproj" в узле 2 (целевые объекты Build).
     1>InitializeBuildStatus:
         Обращение к "x64\Debug\primer.tlog\unsuccessfulbuild".
       ClCompile:
         C:\Program Files\Microsoft Visual Studio\2022\Enterprise\VC\Tools\MSVC\14.37.32822\bin\HostX64\x64\CL.exe /c /ZI /JMC /nologo /W3 /WX- /diagnostics:column /sdl /Od /D _DEBUG /D _CONSOLE /D _UNICODE /D UNICODE /Gm- /EHsc /RTC1 /MDd /GS /fp:precise /Zc:wchar_t /Zc:forScope /Zc:inline /permissive- /Fo"x64\Debug\\" /Fd"x64\Debug\vc143.pdb" /external:W3 /Gd /TP /FC /errorReport:prompt primer.cpp
         primer.cpp
     1>C:\Users\bartyy\Desktop\ЛАБЫ\ОА БЕЛОДЕД\laba 3\Laba 4\primer\primer.cpp(7,16): warning C4305: инициализация: усечение из "double" в "float"
     1>C:\Users\bartyy\Desktop\ЛАБЫ\ОА БЕЛОДЕД\laba 3\Laba 4\primer\primer.cpp(7,26): warning C4305: инициализация: усечение из "double" в "float"
     1>C:\Users\bartyy\Desktop\ЛАБЫ\ОА БЕЛОДЕД\laba 3\Laba 4\primer\primer.cpp(13,25): warning C4244: =: преобразование "double" в "float", возможна потеря данных
       Link:
         C:\Program Files\Microsoft Visual Studio\2022\Enterprise\VC\Tools\MSVC\14.37.32822\bin\HostX64\x64\link.exe /ERRORREPORT:PROMPT /OUT:"C:\Users\bartyy\Desktop\ЛАБЫ\ОА БЕЛОДЕД\laba 3\Laba 4\x64\Debug\primer.exe" /INCREMENTAL /ILK:"x64\Debug\primer.ilk" /NOLOGO kernel32.lib user32.lib gdi32.lib winspool.lib comdlg32.lib advapi32.lib shell32.lib ole32.lib oleaut32.lib uuid.lib odbc32.lib odbccp32.lib /MANIFEST /MANIFESTUAC:"level='asInvoker' uiAccess='false'" /manifest:embed /DEBUG /PDB:"C:\Users\bartyy\Desktop\ЛАБЫ\ОА БЕЛОДЕД\laba 3\Laba 4\x64\Debug\primer.pdb" /SUBSYSTEM:CONSOLE /TLBID:1 /DYNAMICBASE /NXCOMPAT /IMPLIB:"C:\Users\bartyy\Desktop\ЛАБЫ\ОА БЕЛОДЕД\laba 3\Laba 4\x64\Debug\primer.lib" /MACHINE:X64 x64\Debug\primer.obj
         primer.vcxproj -> C:\Users\bartyy\Desktop\ЛАБЫ\ОА БЕЛОДЕД\laba 3\Laba 4\x64\Debug\primer.exe
       FinalizeBuildStatus:
         Файл "x64\Debug\primer.tlog\unsuccessfulbuild" удаляется.
         Обращение к "x64\Debug\primer.tlog\primer.lastbuildstate".
     1>Сборка проекта "C:\Users\bartyy\Desktop\ЛАБЫ\ОА БЕЛОДЕД\laba 3\Laba 4\primer\primer.vcxproj" завершена (целевые объекты Build).

Сборка успешно завершена.

       "C:\Users\bartyy\Desktop\ЛАБЫ\ОА БЕЛОДЕД\laba 3\Laba 4\primer\primer.vcxproj" (целевой объект Build ) (1) ->
       (Целевой объект ClCompile) -> 
         C:\Users\bartyy\Desktop\ЛАБЫ\ОА БЕЛОДЕД\laba 3\Laba 4\primer\primer.cpp(7,16): warning C4305: инициализация: усечение из "double" в "float"
         C:\Users\bartyy\Desktop\ЛАБЫ\ОА БЕЛОДЕД\laba 3\Laba 4\primer\primer.cpp(7,26): warning C4305: инициализация: усечение из "double" в "float"
         C:\Users\bartyy\Desktop\ЛАБЫ\ОА БЕЛОДЕД\laba 3\Laba 4\primer\primer.cpp(13,25): warning C4244: =: преобразование "double" в "float", возможна потеря данных

    Предупреждений: 3
    Ошибок: 0

Прошло времени 00:00:00.40
