Сборка начата 15.09.2023 18:08:31.
Уровень детализации журнала: Normal.     1>Проект "C:\Users\bartyy\Desktop\ЛАБЫ\ОПИ НАРКЕВИЧ\2 laba OPI\Lab_02\hieo\hieo.vcxproj" в узле 2 (целевые объекты Rebuild).
     1>_PrepareForClean:
         Файл "x64\Debug\hieo.tlog\hieo.lastbuildstate" удаляется.
       InitializeBuildStatus:
         Создание "x64\Debug\hieo.tlog\unsuccessfulbuild", так как было задано "AlwaysCreate".
         Обращение к "x64\Debug\hieo.tlog\unsuccessfulbuild".
       ClCompile:
         C:\Program Files\Microsoft Visual Studio\2022\Enterprise\VC\Tools\MSVC\14.37.32822\bin\HostX64\x64\CL.exe /c /ZI /JMC /nologo /W3 /WX- /diagnostics:column /sdl /Od /D _DEBUG /D _CONSOLE /D _UNICODE /D UNICODE /Gm- /EHsc /RTC1 /MDd /GS /fp:precise /Zc:wchar_t /Zc:forScope /Zc:inline /permissive- /Fo"x64\Debug\\" /Fd"x64\Debug\vc143.pdb" /external:W3 /Gd /TP /FC /errorReport:prompt hieo.cpp
         hieo.cpp
       Link:
         C:\Program Files\Microsoft Visual Studio\2022\Enterprise\VC\Tools\MSVC\14.37.32822\bin\HostX64\x64\link.exe /ERRORREPORT:PROMPT /OUT:"C:\Users\bartyy\Desktop\ЛАБЫ\ОПИ НАРКЕВИЧ\2 laba OPI\Lab_02\x64\Debug\hieo.exe" /INCREMENTAL /ILK:"x64\Debug\hieo.ilk" /NOLOGO kernel32.lib user32.lib gdi32.lib winspool.lib comdlg32.lib advapi32.lib shell32.lib ole32.lib oleaut32.lib uuid.lib odbc32.lib odbccp32.lib /MANIFEST /MANIFESTUAC:"level='asInvoker' uiAccess='false'" /manifest:embed /DEBUG /PDB:"C:\Users\bartyy\Desktop\ЛАБЫ\ОПИ НАРКЕВИЧ\2 laba OPI\Lab_02\x64\Debug\hieo.pdb" /SUBSYSTEM:CONSOLE /TLBID:1 /DYNAMICBASE /NXCOMPAT /IMPLIB:"C:\Users\bartyy\Desktop\ЛАБЫ\ОПИ НАРКЕВИЧ\2 laba OPI\Lab_02\x64\Debug\hieo.lib" /MACHINE:X64 x64\Debug\hieo.obj
         hieo.vcxproj -> C:\Users\bartyy\Desktop\ЛАБЫ\ОПИ НАРКЕВИЧ\2 laba OPI\Lab_02\x64\Debug\hieo.exe
       FinalizeBuildStatus:
         Файл "x64\Debug\hieo.tlog\unsuccessfulbuild" удаляется.
         Обращение к "x64\Debug\hieo.tlog\hieo.lastbuildstate".
     1>Сборка проекта "C:\Users\bartyy\Desktop\ЛАБЫ\ОПИ НАРКЕВИЧ\2 laba OPI\Lab_02\hieo\hieo.vcxproj" завершена (целевые объекты Rebuild).

Сборка успешно завершена.
    Предупреждений: 0
    Ошибок: 0

Прошло времени 00:00:00.46
